d:\temp\emis\x64\debug\vc143.pdb
d:\temp\emis\x64\debug\vc143.idb
d:\temp\emis\x64\debug\manager.obj
d:\temp\emis\x64\debug\managerserviceimpl.obj
d:\temp\emis\x64\debug\managerdaofileimpl.obj
d:\temp\emis\x64\debug\main.obj
d:\temp\emis\x64\debug\managerviewconsoleimpl.obj
d:\temp\emis\x64\debug\mainmenu.obj
d:\temp\emis\x64\debug\serverviewconsoleimpl.obj
d:\temp\emis\x64\debug\service_impl.obj
d:\temp\emis\x64\debug\department_daofile_impl.obj
d:\temp\emis\x64\debug\department.obj
d:\temp\emis\x64\debug\employ_daofile_impl.obj
d:\temp\emis\x64\debug\employ.obj
d:\temp\emis\x64\debug\emisnew.exe
d:\temp\emis\x64\debug\emisnew.ilk
d:\temp\emis\x64\debug\emisnew.pdb
d:\temp\emis\x64\debug\emisnew.tlog\cl.command.1.tlog
d:\temp\emis\x64\debug\emisnew.tlog\cl.read.1.tlog
d:\temp\emis\x64\debug\emisnew.tlog\cl.write.1.tlog
d:\temp\emis\x64\debug\emisnew.tlog\link.command.1.tlog
d:\temp\emis\x64\debug\emisnew.tlog\link.read.1.tlog
d:\temp\emis\x64\debug\emisnew.tlog\link.write.1.tlog
